c:\dev\ru2.0\ru2.0\x64\debug\vc142.pdb
c:\dev\ru2.0\ru2.0\x64\debug\vc142.idb
c:\dev\ru2.0\ru2.0\x64\debug\testssceneone.obj
c:\dev\ru2.0\ru2.0\x64\debug\texture.obj
c:\dev\ru2.0\ru2.0\x64\debug\vertexarray.obj
c:\dev\ru2.0\ru2.0\x64\debug\vertexbuffer.obj
c:\dev\ru2.0\ru2.0\x64\debug\stb_image.obj
c:\dev\ru2.0\ru2.0\x64\debug\imgui_impl_glfw_gl3.obj
c:\dev\ru2.0\ru2.0\x64\debug\imgui_draw.obj
c:\dev\ru2.0\ru2.0\x64\debug\imgui_demo.obj
c:\dev\ru2.0\ru2.0\x64\debug\imgui.obj
c:\dev\ru2.0\ru2.0\x64\debug\glm.obj
c:\dev\ru2.0\ru2.0\x64\debug\source.obj
c:\dev\ru2.0\ru2.0\x64\debug\renderer.obj
c:\dev\ru2.0\ru2.0\x64\debug\indexbuffer.obj
c:\dev\ru2.0\ru2.0\x64\debug\shader.obj
c:\dev\ru2.0\ru2.0\x64\debug\engine.obj
c:\dev\ru2.0\ru2.0\x64\debug\ru2.0.tlog\cl.command.1.tlog
c:\dev\ru2.0\ru2.0\x64\debug\ru2.0.tlog\cl.read.1.tlog
c:\dev\ru2.0\ru2.0\x64\debug\ru2.0.tlog\cl.write.1.tlog
